{"/Users/dcppsw/Projects/beautyshot/src/data/aspect-ratios.ts": {"path":"/Users/dcppsw/Projects/beautyshot/src/data/aspect-ratios.ts","statementMap":{"0":{"start":{"line":9,"column":44},"end":{"line":18,"column":null}}},"fnMap":{},"branchMap":{},"s":{"0":1},"f":{},"b":{},"meta":{"lastBranch":0,"lastFunction":0,"lastStatement":1,"seen":{"s:9:44:18:Infinity":0}}}
,"/Users/dcppsw/Projects/beautyshot/src/data/gradients.ts": {"path":"/Users/dcppsw/Projects/beautyshot/src/data/gradients.ts","statementMap":{"0":{"start":{"line":18,"column":50},"end":{"line":58,"column":null}},"1":{"start":{"line":60,"column":42},"end":{"line":67,"column":null}}},"fnMap":{},"branchMap":{},"s":{"0":2,"1":2},"f":{},"b":{},"meta":{"lastBranch":0,"lastFunction":0,"lastStatement":2,"seen":{"s:18:50:58:Infinity":0,"s:60:42:67:Infinity":1}}}
,"/Users/dcppsw/Projects/beautyshot/src/stores/annotation-store.ts": {"path":"/Users/dcppsw/Projects/beautyshot/src/stores/annotation-store.ts","statementMap":{"0":{"start":{"line":42,"column":13},"end":{"line":103,"column":null}},"1":{"start":{"line":42,"column":73},"end":{"line":103,"column":2}},"2":{"start":{"line":55,"column":10},"end":{"line":55,"column":null}},"3":{"start":{"line":56,"column":26},"end":{"line":56,"column":null}},"4":{"start":{"line":57,"column":4},"end":{"line":59,"column":null}},"5":{"start":{"line":57,"column":20},"end":{"line":59,"column":6}},"6":{"start":{"line":60,"column":4},"end":{"line":60,"column":null}},"7":{"start":{"line":64,"column":4},"end":{"line":68,"column":null}},"8":{"start":{"line":64,"column":20},"end":{"line":68,"column":6}},"9":{"start":{"line":66,"column":8},"end":{"line":66,"column":null}},"10":{"start":{"line":72,"column":4},"end":{"line":75,"column":null}},"11":{"start":{"line":72,"column":20},"end":{"line":75,"column":6}},"12":{"start":{"line":73,"column":51},"end":{"line":73,"column":62}},"13":{"start":{"line":79,"column":27},"end":{"line":79,"column":null}},"14":{"start":{"line":80,"column":4},"end":{"line":82,"column":null}},"15":{"start":{"line":81,"column":6},"end":{"line":81,"column":null}},"16":{"start":{"line":85,"column":23},"end":{"line":85,"column":null}},"17":{"start":{"line":87,"column":21},"end":{"line":87,"column":null}},"18":{"start":{"line":90,"column":17},"end":{"line":90,"column":null}},"19":{"start":{"line":91,"column":4},"end":{"line":91,"column":null}},"20":{"start":{"line":92,"column":4},"end":{"line":92,"column":null}},"21":{"start":{"line":95,"column":29},"end":{"line":95,"column":null}},"22":{"start":{"line":96,"column":27},"end":{"line":96,"column":null}},"23":{"start":{"line":97,"column":29},"end":{"line":97,"column":null}},"24":{"start":{"line":98,"column":25},"end":{"line":98,"column":null}},"25":{"start":{"line":99,"column":29},"end":{"line":99,"column":null}},"26":{"start":{"line":102,"column":4},"end":{"line":102,"column":null}}},"fnMap":{"0":{"name":"(anonymous_0)","decl":{"start":{"line":42,"column":58},"end":{"line":42,"column":59}},"loc":{"start":{"line":42,"column":73},"end":{"line":103,"column":2}},"line":42},"1":{"name":"(anonymous_1)","decl":{"start":{"line":54,"column":17},"end":{"line":54,"column":18}},"loc":{"start":{"line":54,"column":51},"end":{"line":61,"column":null}},"line":54},"2":{"name":"(anonymous_2)","decl":{"start":{"line":57,"column":8},"end":{"line":57,"column":9}},"loc":{"start":{"line":57,"column":20},"end":{"line":59,"column":6}},"line":57},"3":{"name":"(anonymous_3)","decl":{"start":{"line":63,"column":20},"end":{"line":63,"column":21}},"loc":{"start":{"line":63,"column":37},"end":{"line":69,"column":null}},"line":63},"4":{"name":"(anonymous_4)","decl":{"start":{"line":64,"column":8},"end":{"line":64,"column":9}},"loc":{"start":{"line":64,"column":20},"end":{"line":68,"column":6}},"line":64},"5":{"name":"(anonymous_5)","decl":{"start":{"line":65,"column":41},"end":{"line":65,"column":42}},"loc":{"start":{"line":66,"column":8},"end":{"line":66,"column":null}},"line":66},"6":{"name":"(anonymous_6)","decl":{"start":{"line":71,"column":20},"end":{"line":71,"column":21}},"loc":{"start":{"line":71,"column":28},"end":{"line":76,"column":null}},"line":71},"7":{"name":"(anonymous_7)","decl":{"start":{"line":72,"column":8},"end":{"line":72,"column":9}},"loc":{"start":{"line":72,"column":20},"end":{"line":75,"column":6}},"line":72},"8":{"name":"(anonymous_8)","decl":{"start":{"line":73,"column":44},"end":{"line":73,"column":45}},"loc":{"start":{"line":73,"column":51},"end":{"line":73,"column":62}},"line":73},"9":{"name":"(anonymous_9)","decl":{"start":{"line":78,"column":18},"end":{"line":78,"column":24}},"loc":{"start":{"line":78,"column":24},"end":{"line":83,"column":null}},"line":78},"10":{"name":"(anonymous_10)","decl":{"start":{"line":85,"column":15},"end":{"line":85,"column":16}},"loc":{"start":{"line":85,"column":23},"end":{"line":85,"column":null}},"line":85},"11":{"name":"(anonymous_11)","decl":{"start":{"line":87,"column":11},"end":{"line":87,"column":12}},"loc":{"start":{"line":87,"column":21},"end":{"line":87,"column":null}},"line":87},"12":{"name":"(anonymous_12)","decl":{"start":{"line":89,"column":19},"end":{"line":89,"column":25}},"loc":{"start":{"line":89,"column":25},"end":{"line":93,"column":null}},"line":89},"13":{"name":"(anonymous_13)","decl":{"start":{"line":95,"column":18},"end":{"line":95,"column":19}},"loc":{"start":{"line":95,"column":29},"end":{"line":95,"column":null}},"line":95},"14":{"name":"(anonymous_14)","decl":{"start":{"line":96,"column":16},"end":{"line":96,"column":17}},"loc":{"start":{"line":96,"column":27},"end":{"line":96,"column":null}},"line":96},"15":{"name":"(anonymous_15)","decl":{"start":{"line":97,"column":18},"end":{"line":97,"column":19}},"loc":{"start":{"line":97,"column":29},"end":{"line":97,"column":null}},"line":97},"16":{"name":"(anonymous_16)","decl":{"start":{"line":98,"column":15},"end":{"line":98,"column":16}},"loc":{"start":{"line":98,"column":25},"end":{"line":98,"column":null}},"line":98},"17":{"name":"(anonymous_17)","decl":{"start":{"line":99,"column":17},"end":{"line":99,"column":18}},"loc":{"start":{"line":99,"column":29},"end":{"line":99,"column":null}},"line":99},"18":{"name":"(anonymous_18)","decl":{"start":{"line":101,"column":20},"end":{"line":101,"column":null}},"loc":{"start":{"line":102,"column":4},"end":{"line":102,"column":null}},"line":102}},"branchMap":{"0":{"loc":{"start":{"line":66,"column":8},"end":{"line":66,"column":null}},"type":"cond-expr","locations":[{"start":{"line":66,"column":23},"end":{"line":66,"column":61}},{"start":{"line":66,"column":61},"end":{"line":66,"column":null}}],"line":66},"1":{"loc":{"start":{"line":74,"column":18},"end":{"line":74,"column":null}},"type":"cond-expr","locations":[{"start":{"line":74,"column":44},"end":{"line":74,"column":51}},{"start":{"line":74,"column":51},"end":{"line":74,"column":null}}],"line":74},"2":{"loc":{"start":{"line":80,"column":4},"end":{"line":82,"column":null}},"type":"if","locations":[{"start":{"line":80,"column":4},"end":{"line":82,"column":null}},{"start":{},"end":{}}],"line":80}},"s":{"0":0,"1":0,"2":0,"3":0,"4":0,"5":0,"6":0,"7":0,"8":0,"9":0,"10":0,"11":0,"12":0,"13":0,"14":0,"15":0,"16":0,"17":0,"18":0,"19":0,"20":0,"21":0,"22":0,"23":0,"24":0,"25":0,"26":0},"f":{"0":0,"1":0,"2":0,"3":0,"4":0,"5":0,"6":0,"7":0,"8":0,"9":0,"10":0,"11":0,"12":0,"13":0,"14":0,"15":0,"16":0,"17":0,"18":0},"b":{"0":[0,0],"1":[0,0],"2":[0,0]},"meta":{"lastBranch":3,"lastFunction":19,"lastStatement":27,"seen":{"s:42:13:103:Infinity":0,"f:42:58:42:59":0,"s:42:73:103:2":1,"f:54:17:54:18":1,"s:55:10:55:Infinity":2,"s:56:26:56:Infinity":3,"s:57:4:59:Infinity":4,"f:57:8:57:9":2,"s:57:20:59:6":5,"s:60:4:60:Infinity":6,"f:63:20:63:21":3,"s:64:4:68:Infinity":7,"f:64:8:64:9":4,"s:64:20:68:6":8,"f:65:41:65:42":5,"s:66:8:66:Infinity":9,"b:66:23:66:61:66:61:66:Infinity":0,"f:71:20:71:21":6,"s:72:4:75:Infinity":10,"f:72:8:72:9":7,"s:72:20:75:6":11,"f:73:44:73:45":8,"s:73:51:73:62":12,"b:74:44:74:51:74:51:74:Infinity":1,"f:78:18:78:24":9,"s:79:27:79:Infinity":13,"b:80:4:82:Infinity:undefined:undefined:undefined:undefined":2,"s:80:4:82:Infinity":14,"s:81:6:81:Infinity":15,"f:85:15:85:16":10,"s:85:23:85:Infinity":16,"f:87:11:87:12":11,"s:87:21:87:Infinity":17,"f:89:19:89:25":12,"s:90:17:90:Infinity":18,"s:91:4:91:Infinity":19,"s:92:4:92:Infinity":20,"f:95:18:95:19":13,"s:95:29:95:Infinity":21,"f:96:16:96:17":14,"s:96:27:96:Infinity":22,"f:97:18:97:19":15,"s:97:29:97:Infinity":23,"f:98:15:98:16":16,"s:98:25:98:Infinity":24,"f:99:17:99:18":17,"s:99:29:99:Infinity":25,"f:101:20:101:Infinity":18,"s:102:4:102:Infinity":26}}}
,"/Users/dcppsw/Projects/beautyshot/src/stores/background-store.ts": {"path":"/Users/dcppsw/Projects/beautyshot/src/stores/background-store.ts","statementMap":{"0":{"start":{"line":7,"column":20},"end":{"line":7,"column":null}},"1":{"start":{"line":8,"column":20},"end":{"line":8,"column":null}},"2":{"start":{"line":9,"column":24},"end":{"line":9,"column":null}},"3":{"start":{"line":26,"column":13},"end":{"line":48,"column":null}},"4":{"start":{"line":26,"column":68},"end":{"line":48,"column":2}},"5":{"start":{"line":32,"column":29},"end":{"line":32,"column":null}},"6":{"start":{"line":34,"column":28},"end":{"line":34,"column":null}},"7":{"start":{"line":36,"column":24},"end":{"line":36,"column":null}},"8":{"start":{"line":39,"column":4},"end":{"line":39,"column":null}},"9":{"start":{"line":42,"column":4},"end":{"line":47,"column":null}}},"fnMap":{"0":{"name":"(anonymous_0)","decl":{"start":{"line":26,"column":58},"end":{"line":26,"column":59}},"loc":{"start":{"line":26,"column":68},"end":{"line":48,"column":2}},"line":26},"1":{"name":"(anonymous_1)","decl":{"start":{"line":32,"column":15},"end":{"line":32,"column":16}},"loc":{"start":{"line":32,"column":29},"end":{"line":32,"column":null}},"line":32},"2":{"name":"(anonymous_2)","decl":{"start":{"line":34,"column":17},"end":{"line":34,"column":18}},"loc":{"start":{"line":34,"column":28},"end":{"line":34,"column":null}},"line":34},"3":{"name":"(anonymous_3)","decl":{"start":{"line":36,"column":18},"end":{"line":36,"column":24}},"loc":{"start":{"line":36,"column":24},"end":{"line":36,"column":null}},"line":36},"4":{"name":"(anonymous_4)","decl":{"start":{"line":38,"column":14},"end":{"line":38,"column":15}},"loc":{"start":{"line":39,"column":4},"end":{"line":39,"column":null}},"line":39},"5":{"name":"(anonymous_5)","decl":{"start":{"line":41,"column":9},"end":{"line":41,"column":null}},"loc":{"start":{"line":42,"column":4},"end":{"line":47,"column":null}},"line":42}},"branchMap":{},"s":{"0":1,"1":1,"2":1,"3":1,"4":1,"5":8,"6":11,"7":6,"8":15,"9":3},"f":{"0":1,"1":8,"2":11,"3":6,"4":15,"5":3},"b":{},"meta":{"lastBranch":0,"lastFunction":6,"lastStatement":10,"seen":{"s:7:20:7:Infinity":0,"s:8:20:8:Infinity":1,"s:9:24:9:Infinity":2,"s:26:13:48:Infinity":3,"f:26:58:26:59":0,"s:26:68:48:2":4,"f:32:15:32:16":1,"s:32:29:32:Infinity":5,"f:34:17:34:18":2,"s:34:28:34:Infinity":6,"f:36:18:36:24":3,"s:36:24:36:Infinity":7,"f:38:14:38:15":4,"s:39:4:39:Infinity":8,"f:41:9:41:Infinity":5,"s:42:4:47:Infinity":9}}}
,"/Users/dcppsw/Projects/beautyshot/src/stores/canvas-store.ts": {"path":"/Users/dcppsw/Projects/beautyshot/src/stores/canvas-store.ts","statementMap":{"0":{"start":{"line":35,"column":15},"end":{"line":35,"column":null}},"1":{"start":{"line":36,"column":2},"end":{"line":36,"column":null}},"2":{"start":{"line":39,"column":13},"end":{"line":86,"column":null}},"3":{"start":{"line":39,"column":65},"end":{"line":86,"column":2}},"4":{"start":{"line":50,"column":24},"end":{"line":50,"column":null}},"5":{"start":{"line":54,"column":19},"end":{"line":54,"column":null}},"6":{"start":{"line":55,"column":4},"end":{"line":55,"column":null}},"7":{"start":{"line":55,"column":16},"end":{"line":55,"column":null}},"8":{"start":{"line":57,"column":16},"end":{"line":57,"column":null}},"9":{"start":{"line":58,"column":4},"end":{"line":63,"column":null}},"10":{"start":{"line":66,"column":35},"end":{"line":66,"column":null}},"11":{"start":{"line":68,"column":23},"end":{"line":68,"column":null}},"12":{"start":{"line":70,"column":25},"end":{"line":70,"column":null}},"13":{"start":{"line":72,"column":19},"end":{"line":72,"column":null}},"14":{"start":{"line":76,"column":19},"end":{"line":76,"column":null}},"15":{"start":{"line":77,"column":4},"end":{"line":77,"column":null}},"16":{"start":{"line":77,"column":16},"end":{"line":77,"column":null}},"17":{"start":{"line":79,"column":4},"end":{"line":84,"column":null}}},"fnMap":{"0":{"name":"bytesToUrl","decl":{"start":{"line":34,"column":9},"end":{"line":34,"column":20}},"loc":{"start":{"line":34,"column":47},"end":{"line":37,"column":null}},"line":34},"1":{"name":"(anonymous_1)","decl":{"start":{"line":39,"column":50},"end":{"line":39,"column":51}},"loc":{"start":{"line":39,"column":65},"end":{"line":86,"column":2}},"line":39},"2":{"name":"(anonymous_2)","decl":{"start":{"line":50,"column":15},"end":{"line":50,"column":16}},"loc":{"start":{"line":50,"column":24},"end":{"line":50,"column":null}},"line":50},"3":{"name":"(anonymous_3)","decl":{"start":{"line":52,"column":21},"end":{"line":52,"column":22}},"loc":{"start":{"line":52,"column":47},"end":{"line":64,"column":null}},"line":52},"4":{"name":"(anonymous_4)","decl":{"start":{"line":66,"column":16},"end":{"line":66,"column":17}},"loc":{"start":{"line":66,"column":35},"end":{"line":66,"column":null}},"line":66},"5":{"name":"(anonymous_5)","decl":{"start":{"line":68,"column":12},"end":{"line":68,"column":13}},"loc":{"start":{"line":68,"column":23},"end":{"line":68,"column":null}},"line":68},"6":{"name":"(anonymous_6)","decl":{"start":{"line":70,"column":15},"end":{"line":70,"column":16}},"loc":{"start":{"line":70,"column":25},"end":{"line":70,"column":null}},"line":70},"7":{"name":"(anonymous_7)","decl":{"start":{"line":72,"column":13},"end":{"line":72,"column":19}},"loc":{"start":{"line":72,"column":19},"end":{"line":72,"column":null}},"line":72},"8":{"name":"(anonymous_8)","decl":{"start":{"line":74,"column":15},"end":{"line":74,"column":21}},"loc":{"start":{"line":74,"column":21},"end":{"line":85,"column":null}},"line":74}},"branchMap":{"0":{"loc":{"start":{"line":55,"column":4},"end":{"line":55,"column":null}},"type":"if","locations":[{"start":{"line":55,"column":4},"end":{"line":55,"column":null}},{"start":{},"end":{}}],"line":55},"1":{"loc":{"start":{"line":77,"column":4},"end":{"line":77,"column":null}},"type":"if","locations":[{"start":{"line":77,"column":4},"end":{"line":77,"column":null}},{"start":{},"end":{}}],"line":77}},"s":{"0":0,"1":0,"2":0,"3":0,"4":0,"5":0,"6":0,"7":0,"8":0,"9":0,"10":0,"11":0,"12":0,"13":0,"14":0,"15":0,"16":0,"17":0},"f":{"0":0,"1":0,"2":0,"3":0,"4":0,"5":0,"6":0,"7":0,"8":0},"b":{"0":[0,0],"1":[0,0]},"meta":{"lastBranch":2,"lastFunction":9,"lastStatement":18,"seen":{"f:34:9:34:20":0,"s:35:15:35:Infinity":0,"s:36:2:36:Infinity":1,"s:39:13:86:Infinity":2,"f:39:50:39:51":1,"s:39:65:86:2":3,"f:50:15:50:16":2,"s:50:24:50:Infinity":4,"f:52:21:52:22":3,"s:54:19:54:Infinity":5,"b:55:4:55:Infinity:undefined:undefined:undefined:undefined":0,"s:55:4:55:Infinity":6,"s:55:16:55:Infinity":7,"s:57:16:57:Infinity":8,"s:58:4:63:Infinity":9,"f:66:16:66:17":4,"s:66:35:66:Infinity":10,"f:68:12:68:13":5,"s:68:23:68:Infinity":11,"f:70:15:70:16":6,"s:70:25:70:Infinity":12,"f:72:13:72:19":7,"s:72:19:72:Infinity":13,"f:74:15:74:21":8,"s:76:19:76:Infinity":14,"b:77:4:77:Infinity:undefined:undefined:undefined:undefined":1,"s:77:4:77:Infinity":15,"s:77:16:77:Infinity":16,"s:79:4:84:Infinity":17}}}
,"/Users/dcppsw/Projects/beautyshot/src/stores/crop-store.ts": {"path":"/Users/dcppsw/Projects/beautyshot/src/stores/crop-store.ts","statementMap":{"0":{"start":{"line":24,"column":13},"end":{"line":50,"column":null}},"1":{"start":{"line":24,"column":56},"end":{"line":50,"column":2}},"2":{"start":{"line":30,"column":4},"end":{"line":34,"column":null}},"3":{"start":{"line":36,"column":25},"end":{"line":36,"column":null}},"4":{"start":{"line":40,"column":4},"end":{"line":40,"column":null}},"5":{"start":{"line":44,"column":4},"end":{"line":47,"column":null}},"6":{"start":{"line":49,"column":29},"end":{"line":49,"column":null}}},"fnMap":{"0":{"name":"(anonymous_0)","decl":{"start":{"line":24,"column":46},"end":{"line":24,"column":47}},"loc":{"start":{"line":24,"column":56},"end":{"line":50,"column":2}},"line":24},"1":{"name":"(anonymous_1)","decl":{"start":{"line":29,"column":13},"end":{"line":29,"column":14}},"loc":{"start":{"line":30,"column":4},"end":{"line":34,"column":null}},"line":30},"2":{"name":"(anonymous_2)","decl":{"start":{"line":36,"column":15},"end":{"line":36,"column":16}},"loc":{"start":{"line":36,"column":25},"end":{"line":36,"column":null}},"line":36},"3":{"name":"(anonymous_3)","decl":{"start":{"line":38,"column":13},"end":{"line":38,"column":19}},"loc":{"start":{"line":38,"column":19},"end":{"line":41,"column":null}},"line":38},"4":{"name":"(anonymous_4)","decl":{"start":{"line":43,"column":14},"end":{"line":43,"column":null}},"loc":{"start":{"line":44,"column":4},"end":{"line":47,"column":null}},"line":44},"5":{"name":"(anonymous_5)","decl":{"start":{"line":49,"column":18},"end":{"line":49,"column":19}},"loc":{"start":{"line":49,"column":29},"end":{"line":49,"column":null}},"line":49}},"branchMap":{"0":{"loc":{"start":{"line":29,"column":14},"end":{"line":29,"column":null}},"type":"default-arg","locations":[{"start":{"line":29,"column":22},"end":{"line":29,"column":null}}],"line":29}},"s":{"0":1,"1":1,"2":26,"3":13,"4":5,"5":5,"6":17},"f":{"0":1,"1":26,"2":13,"3":5,"4":5,"5":17},"b":{"0":[26]},"meta":{"lastBranch":1,"lastFunction":6,"lastStatement":7,"seen":{"s:24:13:50:Infinity":0,"f:24:46:24:47":0,"s:24:56:50:2":1,"f:29:13:29:14":1,"s:30:4:34:Infinity":2,"b:29:22:29:Infinity":0,"f:36:15:36:16":2,"s:36:25:36:Infinity":3,"f:38:13:38:19":3,"s:40:4:40:Infinity":4,"f:43:14:43:Infinity":4,"s:44:4:47:Infinity":5,"f:49:18:49:19":5,"s:49:29:49:Infinity":6}}}
,"/Users/dcppsw/Projects/beautyshot/src/stores/export-store.ts": {"path":"/Users/dcppsw/Projects/beautyshot/src/stores/export-store.ts","statementMap":{"0":{"start":{"line":34,"column":13},"end":{"line":72,"column":null}},"1":{"start":{"line":36,"column":14},"end":{"line":59,"column":null}},"2":{"start":{"line":47,"column":29},"end":{"line":47,"column":null}},"3":{"start":{"line":49,"column":8},"end":{"line":49,"column":null}},"4":{"start":{"line":51,"column":8},"end":{"line":51,"column":null}},"5":{"start":{"line":52,"column":29},"end":{"line":52,"column":null}},"6":{"start":{"line":53,"column":33},"end":{"line":53,"column":null}},"7":{"start":{"line":56,"column":8},"end":{"line":56,"column":null}},"8":{"start":{"line":58,"column":8},"end":{"line":58,"column":null}},"9":{"start":{"line":63,"column":30},"end":{"line":69,"column":null}}},"fnMap":{"0":{"name":"(anonymous_0)","decl":{"start":{"line":36,"column":4},"end":{"line":36,"column":5}},"loc":{"start":{"line":36,"column":14},"end":{"line":59,"column":null}},"line":36},"1":{"name":"(anonymous_1)","decl":{"start":{"line":47,"column":17},"end":{"line":47,"column":18}},"loc":{"start":{"line":47,"column":29},"end":{"line":47,"column":null}},"line":47},"2":{"name":"(anonymous_2)","decl":{"start":{"line":48,"column":18},"end":{"line":48,"column":19}},"loc":{"start":{"line":49,"column":8},"end":{"line":49,"column":null}},"line":49},"3":{"name":"(anonymous_3)","decl":{"start":{"line":50,"column":21},"end":{"line":50,"column":22}},"loc":{"start":{"line":51,"column":8},"end":{"line":51,"column":null}},"line":51},"4":{"name":"(anonymous_4)","decl":{"start":{"line":52,"column":19},"end":{"line":52,"column":20}},"loc":{"start":{"line":52,"column":29},"end":{"line":52,"column":null}},"line":52},"5":{"name":"(anonymous_5)","decl":{"start":{"line":53,"column":23},"end":{"line":53,"column":24}},"loc":{"start":{"line":53,"column":33},"end":{"line":53,"column":null}},"line":53},"6":{"name":"(anonymous_6)","decl":{"start":{"line":55,"column":19},"end":{"line":55,"column":20}},"loc":{"start":{"line":56,"column":8},"end":{"line":56,"column":null}},"line":56},"7":{"name":"(anonymous_7)","decl":{"start":{"line":57,"column":20},"end":{"line":57,"column":null}},"loc":{"start":{"line":58,"column":8},"end":{"line":58,"column":null}},"line":58},"8":{"name":"(anonymous_8)","decl":{"start":{"line":63,"column":18},"end":{"line":63,"column":19}},"loc":{"start":{"line":63,"column":30},"end":{"line":69,"column":null}},"line":63}},"branchMap":{},"s":{"0":1,"1":1,"2":9,"3":15,"4":11,"5":5,"6":6,"7":7,"8":4,"9":93},"f":{"0":1,"1":9,"2":15,"3":11,"4":5,"5":6,"6":7,"7":4,"8":93},"b":{},"meta":{"lastBranch":0,"lastFunction":9,"lastStatement":10,"seen":{"s:34:13:72:Infinity":0,"f:36:4:36:5":0,"s:36:14:59:Infinity":1,"f:47:17:47:18":1,"s:47:29:47:Infinity":2,"f:48:18:48:19":2,"s:49:8:49:Infinity":3,"f:50:21:50:22":3,"s:51:8:51:Infinity":4,"f:52:19:52:20":4,"s:52:29:52:Infinity":5,"f:53:23:53:24":5,"s:53:33:53:Infinity":6,"f:55:19:55:20":6,"s:56:8:56:Infinity":7,"f:57:20:57:Infinity":7,"s:58:8:58:Infinity":8,"f:63:18:63:19":8,"s:63:30:69:Infinity":9}}}
,"/Users/dcppsw/Projects/beautyshot/src/stores/settings-store.ts": {"path":"/Users/dcppsw/Projects/beautyshot/src/stores/settings-store.ts","statementMap":{"0":{"start":{"line":7,"column":24},"end":{"line":7,"column":null}},"1":{"start":{"line":10,"column":19},"end":{"line":20,"column":null}},"2":{"start":{"line":27,"column":2},"end":{"line":27,"column":null}},"3":{"start":{"line":27,"column":45},"end":{"line":27,"column":null}},"4":{"start":{"line":29,"column":16},"end":{"line":29,"column":null}},"5":{"start":{"line":29,"column":43},"end":{"line":29,"column":51}},"6":{"start":{"line":30,"column":2},"end":{"line":30,"column":null}},"7":{"start":{"line":30,"column":24},"end":{"line":30,"column":null}},"8":{"start":{"line":32,"column":14},"end":{"line":32,"column":null}},"9":{"start":{"line":33,"column":20},"end":{"line":33,"column":null}},"10":{"start":{"line":36,"column":2},"end":{"line":36,"column":null}},"11":{"start":{"line":36,"column":33},"end":{"line":36,"column":null}},"12":{"start":{"line":39,"column":2},"end":{"line":41,"column":null}},"13":{"start":{"line":39,"column":32},"end":{"line":41,"column":3}},"14":{"start":{"line":40,"column":4},"end":{"line":40,"column":null}},"15":{"start":{"line":77,"column":38},"end":{"line":83,"column":null}},"16":{"start":{"line":85,"column":22},"end":{"line":92,"column":null}},"17":{"start":{"line":94,"column":13},"end":{"line":120,"column":null}},"18":{"start":{"line":96,"column":14},"end":{"line":115,"column":null}},"19":{"start":{"line":101,"column":8},"end":{"line":105,"column":null}},"20":{"start":{"line":102,"column":10},"end":{"line":104,"column":null}},"21":{"start":{"line":102,"column":26},"end":{"line":104,"column":12}},"22":{"start":{"line":108,"column":36},"end":{"line":108,"column":null}},"23":{"start":{"line":109,"column":33},"end":{"line":109,"column":null}},"24":{"start":{"line":110,"column":39},"end":{"line":110,"column":null}},"25":{"start":{"line":111,"column":37},"end":{"line":111,"column":null}},"26":{"start":{"line":112,"column":35},"end":{"line":112,"column":null}},"27":{"start":{"line":114,"column":29},"end":{"line":114,"column":null}}},"fnMap":{"0":{"name":"isValidHotkey","decl":{"start":{"line":26,"column":16},"end":{"line":26,"column":30}},"loc":{"start":{"line":26,"column":55},"end":{"line":42,"column":null}},"line":26},"1":{"name":"(anonymous_1)","decl":{"start":{"line":29,"column":38},"end":{"line":29,"column":43}},"loc":{"start":{"line":29,"column":43},"end":{"line":29,"column":51}},"line":29},"2":{"name":"(anonymous_2)","decl":{"start":{"line":39,"column":25},"end":{"line":39,"column":32}},"loc":{"start":{"line":39,"column":32},"end":{"line":41,"column":3}},"line":39},"3":{"name":"(anonymous_3)","decl":{"start":{"line":39,"column":53},"end":{"line":39,"column":null}},"loc":{"start":{"line":40,"column":4},"end":{"line":40,"column":null}},"line":40},"4":{"name":"(anonymous_4)","decl":{"start":{"line":96,"column":4},"end":{"line":96,"column":5}},"loc":{"start":{"line":96,"column":14},"end":{"line":115,"column":null}},"line":96},"5":{"name":"(anonymous_5)","decl":{"start":{"line":99,"column":17},"end":{"line":99,"column":18}},"loc":{"start":{"line":99,"column":39},"end":{"line":106,"column":null}},"line":99},"6":{"name":"(anonymous_6)","decl":{"start":{"line":102,"column":14},"end":{"line":102,"column":15}},"loc":{"start":{"line":102,"column":26},"end":{"line":104,"column":12}},"line":102},"7":{"name":"(anonymous_7)","decl":{"start":{"line":108,"column":25},"end":{"line":108,"column":26}},"loc":{"start":{"line":108,"column":36},"end":{"line":108,"column":null}},"line":108},"8":{"name":"(anonymous_8)","decl":{"start":{"line":109,"column":22},"end":{"line":109,"column":23}},"loc":{"start":{"line":109,"column":33},"end":{"line":109,"column":null}},"line":109},"9":{"name":"(anonymous_9)","decl":{"start":{"line":110,"column":28},"end":{"line":110,"column":29}},"loc":{"start":{"line":110,"column":39},"end":{"line":110,"column":null}},"line":110},"10":{"name":"(anonymous_10)","decl":{"start":{"line":111,"column":23},"end":{"line":111,"column":24}},"loc":{"start":{"line":111,"column":37},"end":{"line":111,"column":null}},"line":111},"11":{"name":"(anonymous_11)","decl":{"start":{"line":112,"column":25},"end":{"line":112,"column":26}},"loc":{"start":{"line":112,"column":35},"end":{"line":112,"column":null}},"line":112},"12":{"name":"(anonymous_12)","decl":{"start":{"line":114,"column":23},"end":{"line":114,"column":29}},"loc":{"start":{"line":114,"column":29},"end":{"line":114,"column":null}},"line":114}},"branchMap":{"0":{"loc":{"start":{"line":27,"column":2},"end":{"line":27,"column":null}},"type":"if","locations":[{"start":{"line":27,"column":2},"end":{"line":27,"column":null}},{"start":{},"end":{}}],"line":27},"1":{"loc":{"start":{"line":27,"column":6},"end":{"line":27,"column":45}},"type":"binary-expr","locations":[{"start":{"line":27,"column":6},"end":{"line":27,"column":17}},{"start":{"line":27,"column":17},"end":{"line":27,"column":45}}],"line":27},"2":{"loc":{"start":{"line":30,"column":2},"end":{"line":30,"column":null}},"type":"if","locations":[{"start":{"line":30,"column":2},"end":{"line":30,"column":null}},{"start":{},"end":{}}],"line":30},"3":{"loc":{"start":{"line":36,"column":2},"end":{"line":36,"column":null}},"type":"if","locations":[{"start":{"line":36,"column":2},"end":{"line":36,"column":null}},{"start":{},"end":{}}],"line":36},"4":{"loc":{"start":{"line":101,"column":8},"end":{"line":105,"column":null}},"type":"if","locations":[{"start":{"line":101,"column":8},"end":{"line":105,"column":null}},{"start":{},"end":{}}],"line":101},"5":{"loc":{"start":{"line":101,"column":12},"end":{"line":101,"column":56}},"type":"binary-expr","locations":[{"start":{"line":101,"column":12},"end":{"line":101,"column":31}},{"start":{"line":101,"column":31},"end":{"line":101,"column":56}}],"line":101}},"s":{"0":1,"1":1,"2":22,"3":3,"4":19,"5":41,"6":19,"7":3,"8":16,"9":16,"10":16,"11":3,"12":13,"13":19,"14":107,"15":1,"16":1,"17":1,"18":1,"19":9,"20":7,"21":7,"22":2,"23":4,"24":2,"25":4,"26":4,"27":1},"f":{"0":22,"1":41,"2":19,"3":107,"4":1,"5":9,"6":7,"7":2,"8":4,"9":2,"10":4,"11":4,"12":1},"b":{"0":[3,19],"1":[22,19],"2":[3,16],"3":[3,13],"4":[7,2],"5":[9,8]},"meta":{"lastBranch":6,"lastFunction":13,"lastStatement":28,"seen":{"s:7:24:7:Infinity":0,"s:10:19:20:Infinity":1,"f:26:16:26:30":0,"b:27:2:27:Infinity:undefined:undefined:undefined:undefined":0,"s:27:2:27:Infinity":2,"b:27:6:27:17:27:17:27:45":1,"s:27:45:27:Infinity":3,"s:29:16:29:Infinity":4,"f:29:38:29:43":1,"s:29:43:29:51":5,"b:30:2:30:Infinity:undefined:undefined:undefined:undefined":2,"s:30:2:30:Infinity":6,"s:30:24:30:Infinity":7,"s:32:14:32:Infinity":8,"s:33:20:33:Infinity":9,"b:36:2:36:Infinity:undefined:undefined:undefined:undefined":3,"s:36:2:36:Infinity":10,"s:36:33:36:Infinity":11,"s:39:2:41:Infinity":12,"f:39:25:39:32":2,"s:39:32:41:3":13,"f:39:53:39:Infinity":3,"s:40:4:40:Infinity":14,"s:77:38:83:Infinity":15,"s:85:22:92:Infinity":16,"s:94:13:120:Infinity":17,"f:96:4:96:5":4,"s:96:14:115:Infinity":18,"f:99:17:99:18":5,"b:101:8:105:Infinity:undefined:undefined:undefined:undefined":4,"s:101:8:105:Infinity":19,"b:101:12:101:31:101:31:101:56":5,"s:102:10:104:Infinity":20,"f:102:14:102:15":6,"s:102:26:104:12":21,"f:108:25:108:26":7,"s:108:36:108:Infinity":22,"f:109:22:109:23":8,"s:109:33:109:Infinity":23,"f:110:28:110:29":9,"s:110:39:110:Infinity":24,"f:111:23:111:24":10,"s:111:37:111:Infinity":25,"f:112:25:112:26":11,"s:112:35:112:Infinity":26,"f:114:23:114:29":12,"s:114:29:114:Infinity":27}}}
}
